e:\my_code\sqlreader\debug\vc142.pdb
e:\my_code\sqlreader\debug\vc142.idb
e:\my_code\sqlreader\debug\dllmain.obj
e:\my_code\sqlreader\debug\cdatabase.obj
e:\my_code\sqlreader\debug\data_interface.obj
e:\my_code\sqlreader\debug\data_base.obj
e:\my_code\sqlreader\debug\sqlreader.dll
e:\my_code\sqlreader\debug\sqlreader.ilk
e:\my_code\sqlreader\debug\sqlreader.pdb
e:\my_code\sqlreader\debug\sqlreader.lib
e:\my_code\sqlreader\debug\sqlreader.exp
e:\my_code\sqlreader\debug\msado15.tli
e:\my_code\sqlreader\debug\msado15.tlh
e:\my_code\sqlreader\debug\sqlreader.tlog\cl.command.1.tlog
e:\my_code\sqlreader\debug\sqlreader.tlog\cl.read.1.tlog
e:\my_code\sqlreader\debug\sqlreader.tlog\cl.write.1.tlog
e:\my_code\sqlreader\debug\sqlreader.tlog\link.12132.delete.1.tlog
e:\my_code\sqlreader\debug\sqlreader.tlog\link.15236.delete.1.tlog
e:\my_code\sqlreader\debug\sqlreader.tlog\link.15908.delete.1.tlog
e:\my_code\sqlreader\debug\sqlreader.tlog\link.15972.delete.1.tlog
e:\my_code\sqlreader\debug\sqlreader.tlog\link.16172.delete.1.tlog
e:\my_code\sqlreader\debug\sqlreader.tlog\link.17800.delete.1.tlog
e:\my_code\sqlreader\debug\sqlreader.tlog\link.18500.delete.1.tlog
e:\my_code\sqlreader\debug\sqlreader.tlog\link.18756.delete.1.tlog
e:\my_code\sqlreader\debug\sqlreader.tlog\link.19156.delete.1.tlog
e:\my_code\sqlreader\debug\sqlreader.tlog\link.8680.delete.1.tlog
e:\my_code\sqlreader\debug\sqlreader.tlog\link.9196.delete.1.tlog
e:\my_code\sqlreader\debug\sqlreader.tlog\link.command.1.tlog
e:\my_code\sqlreader\debug\sqlreader.tlog\link.read.1.tlog
e:\my_code\sqlreader\debug\sqlreader.tlog\link.write.1.tlog
e:\my_code\sqlreader\debug\sqlreader.tlog\sqlreader.write.1u.tlog
